{
  "stats": {
    "suites": 1,
    "tests": 1,
    "passes": 1,
    "pending": 0,
    "failures": 0,
    "start": "2018-08-22T12:55:10.971Z",
    "end": "2018-08-22T12:55:15.419Z",
    "duration": 4448,
    "testsRegistered": 1,
    "passPercent": 100,
    "pendingPercent": 0,
    "other": 0,
    "hasOther": false,
    "skipped": 0,
    "hasSkipped": false,
    "passPercentClass": "success",
    "pendingPercentClass": "danger"
  },
  "suites": {
    "uuid": "a784943e-41da-432d-b84a-9622badb85a5",
    "title": "",
    "fullFile": "",
    "file": "",
    "beforeHooks": [],
    "afterHooks": [],
    "tests": [],
    "suites": [
      {
        "uuid": "7c96f385-c918-4294-8b8a-c21072a58f1d",
        "title": "check API server admin/departments section",
        "fullFile": "/home/user/Рабочий стол/auto-tests/crm2/test/Scenario/API server/Administration panel/Department.spec.js",
        "file": "/test/Scenario/API server/Administration panel/Department.spec.js",
        "beforeHooks": [
          {
            "title": "\"before all\" hook: ret",
            "fullTitle": "check API server admin/departments section \"before all\" hook: ret",
            "timedOut": false,
            "duration": 1835,
            "pass": false,
            "fail": false,
            "pending": false,
            "code": "let result = await LoginBasic();\ndriver = result.driver;\ndefaultProxy = result.defaultProxy;\nawait driver.get(adminUrl);\nawait driver\n  .manage()\n  .window()\n  .maximize();\ndone();",
            "err": {},
            "isRoot": false,
            "uuid": "9b9de54e-23c4-48d3-9d1f-888cf3637a6b",
            "isHook": true,
            "skipped": false
          }
        ],
        "afterHooks": [
          {
            "title": "\"after all\" hook: ret",
            "fullTitle": "check API server admin/departments section \"after all\" hook: ret",
            "timedOut": false,
            "duration": 2276,
            "pass": false,
            "fail": false,
            "pending": false,
            "code": "await defaultProxy.closeProxies();\nawait defaultProxy.end();\nawait driver.close();\nawait driver.quit();\nawait done();",
            "err": {},
            "isRoot": false,
            "uuid": "e1f6d92c-1989-4e76-b73f-dd1e4b5a10d2",
            "isHook": true,
            "skipped": false
          }
        ],
        "tests": [
          {
            "title": "create department and check request POST and response",
            "fullTitle": "check API server admin/departments section create department and check request POST and response",
            "timedOut": false,
            "duration": 334,
            "state": "passed",
            "speed": "slow",
            "pass": true,
            "fail": false,
            "pending": false,
            "code": "const btnOpenLocated =  await driver.wait(until.elementLocated(By.css(\"a[href='/admin/departments']\")), TIMEOUT);\nconst btnOpenVisible =  await driver.wait(until.elementIsVisible(btnOpenLocated), TIMEOUT);\nawait btnOpenVisible.click();\nconst btnCreateDepLocated =  await driver.wait(until.elementLocated(By.css(\"button[data-target='#modalAddDepartment']\")), TIMEOUT);\nconst btnCreateDepVisible =  await driver.wait(until.elementIsVisible(btnCreateDepLocated), TIMEOUT);\nawait btnCreateDepVisible.click();",
            "err": {},
            "isRoot": false,
            "uuid": "75c0f4cc-c186-4177-89c9-819684423f6d",
            "isHook": false,
            "skipped": false
          }
        ],
        "suites": [],
        "passes": [
          "75c0f4cc-c186-4177-89c9-819684423f6d"
        ],
        "failures": [],
        "pending": [],
        "skipped": [],
        "duration": 334,
        "root": false,
        "rootEmpty": false,
        "_timeout": 100000
      }
    ],
    "passes": [],
    "failures": [],
    "pending": [],
    "skipped": [],
    "duration": 0,
    "root": true,
    "rootEmpty": true,
    "_timeout": 100000
  },
  "copyrightYear": 2018
}